<?xml version="1.0" encoding="UTF-8"?>
<!-- Generated by org.testng.reporters.JUnitReportReporter -->
<testsuite hostname="GMDQAS1" name="Test.TestFormulario" tests="1" failures="0" timestamp="14 Oct 2019 22:43:04 GMT" time="12.143" errors="0">
  <testcase name="RegistrarFormulario" time="12.143" classname="Test.TestFormulario"/>
</testsuite> <!-- Test.TestFormulario -->
