<?xml version="1.0" encoding="UTF-8"?>
<!-- Generated by org.testng.reporters.JUnitReportReporter -->
<testsuite hostname="GMDQAS1" name="CursoSeleniumMaven.CursoSeleniumMaven.AppTest" tests="1" failures="0" timestamp="14 Oct 2019 22:43:04 GMT" time="0.000" errors="0">
  <testcase name="testApp" time="0.000" classname="CursoSeleniumMaven.CursoSeleniumMaven.AppTest"/>
</testsuite> <!-- CursoSeleniumMaven.CursoSeleniumMaven.AppTest -->
