<?xml version="1.0" encoding="UTF-8"?>
<!-- Generated by org.testng.reporters.JUnitReportReporter -->
<testsuite hostname="GMDQAS1" name="Test.TestFormulario" tests="3" failures="0" timestamp="18 Oct 2019 16:47:52 GMT" time="86.820" errors="0">
  <testcase name="RegistrarFormulario" time="28.188" classname="Test.TestFormulario"/>
  <testcase name="RegistrarFormulario" time="28.544" classname="Test.TestFormulario"/>
  <testcase name="RegistrarFormulario" time="30.088" classname="Test.TestFormulario"/>
</testsuite> <!-- Test.TestFormulario -->
