<?xml version="1.0" encoding="UTF-8"?>
<!-- Generated by org.testng.reporters.JUnitReportReporter -->
<testsuite hostname="GMDQAS1" name="Test.TestFormulario" tests="2" failures="0" timestamp="21 Oct 2019 21:11:13 GMT" time="98.336" errors="0">
  <testcase name="RegistrarFormulario" time="50.796" classname="Test.TestFormulario"/>
  <testcase name="RegistrarFormulario" time="47.540" classname="Test.TestFormulario"/>
</testsuite> <!-- Test.TestFormulario -->
