<?xml version="1.0" encoding="UTF-8"?>
<!-- Generated by org.testng.reporters.JUnitReportReporter -->
<testsuite hostname="GMDQAS1" name="Test.TestFormulario" tests="1" failures="0" timestamp="21 Oct 2019 19:20:01 GMT" time="42.486" errors="0">
  <testcase name="RegistrarFormulario" time="42.486" classname="Test.TestFormulario"/>
</testsuite> <!-- Test.TestFormulario -->
