<?xml version="1.0" encoding="UTF-8"?>
<!-- Generated by org.testng.reporters.JUnitReportReporter -->
<testsuite hostname="GMDQAS1" name="Test.TestFormulario" tests="2" failures="0" timestamp="21 Oct 2019 21:15:32 GMT" time="123.253" errors="0">
  <testcase name="RegistrarFormulario" time="80.768" classname="Test.TestFormulario"/>
  <testcase name="RegistrarFormulario" time="42.485" classname="Test.TestFormulario"/>
</testsuite> <!-- Test.TestFormulario -->
